<?xml version="1.0" encoding="UTF-8"?>
<testsuite xmlns:xsi="http://www.w3.org/2001/XMLSchema-instance" xsi:noNamespaceSchemaLocation="https://maven.apache.org/surefire/maven-surefire-plugin/xsd/surefire-test-report.xsd" version="3.0.2" name="com.insurance.auth_service.UserCheckTest" time="5.631" tests="1" errors="0" skipped="0" failures="0">
  <properties>
[...]
</properties>
  <testcase name="checkUser" classname="com.insurance.auth_service.UserCheckTest" time="0.656">
    <system-out><![CDATA[01:26:47.546 [main] INFO org.springframework.test.context.support.AnnotationConfigContextLoaderUtils -- Could not detect default configuration classes for test class [com.insurance.auth_service.UserCheckTest]: UserCheckTest does not declare any static, non-private, non-final, nested classes annotated with @Configuration.
01:26:47.627 [main] INFO org.springframework.boot.test.context.SpringBootTestContextBootstrapper -- Found @SpringBootConfiguration com.insurance.auth_service.AuthServiceApplication for test class com.insurance.auth_service.UserCheckTest

  .   ____          _            __ _ _
 /\\ / ___'_ __ _ _(_)_ __  __ _ \ \ \ \
( ( )\___ | '_ | '_| | '_ \/ _` | \ \ \ \
 \\/  ___)| |_)| | | | | || (_| |  ) ) ) )
  '  |____| .__|_| |_|_| |_\__, | / / / /
 =========|_|==============|___/=/_/_/_/

 :: Spring Boot ::                (v4.0.2)

2026-02-06T01:26:48.091+05:30  INFO 25760 --- [auth-service] [           main] c.insurance.auth_service.UserCheckTest   : Starting UserCheckTest using Java 21.0.9 with PID 25760 (started by ncixt in C:\Users\ncixt\OneDrive\Desktop\MVP-sahil-anti-gravity\auth-service)
2026-02-06T01:26:48.092+05:30  INFO 25760 --- [auth-service] [           main] c.insurance.auth_service.UserCheckTest   : No active profile set, falling back to 1 default profile: "default"
2026-02-06T01:26:48.861+05:30  INFO 25760 --- [auth-service] [           main] .s.d.r.c.RepositoryConfigurationDelegate : Bootstrapping Spring Data JPA repositories in DEFAULT mode.
2026-02-06T01:26:48.972+05:30  INFO 25760 --- [auth-service] [           main] .s.d.r.c.RepositoryConfigurationDelegate : Finished Spring Data repository scanning in 102 ms. Found 1 JPA repository interface.
2026-02-06T01:26:49.190+05:30  INFO 25760 --- [auth-service] [           main] o.s.cloud.context.scope.GenericScope     : BeanFactory id=1f4b040c-53de-357b-8406-81cc923de436
2026-02-06T01:26:49.386+05:30  INFO 25760 --- [auth-service] [           main] com.zaxxer.hikari.HikariDataSource       : HikariPool-1 - Starting...
2026-02-06T01:26:49.534+05:30  INFO 25760 --- [auth-service] [           main] com.zaxxer.hikari.pool.HikariPool        : HikariPool-1 - Added connection org.postgresql.jdbc.PgConnection@23df7fad
2026-02-06T01:26:49.535+05:30  INFO 25760 --- [auth-service] [           main] com.zaxxer.hikari.HikariDataSource       : HikariPool-1 - Start completed.
2026-02-06T01:26:49.615+05:30  INFO 25760 --- [auth-service] [           main] org.hibernate.orm.jpa                    : HHH008540: Processing PersistenceUnitInfo [name: default]
2026-02-06T01:26:49.684+05:30  INFO 25760 --- [auth-service] [           main] org.hibernate.orm.core                   : HHH000001: Hibernate ORM core version 7.2.1.Final
2026-02-06T01:26:50.097+05:30  INFO 25760 --- [auth-service] [           main] o.s.o.j.p.SpringPersistenceUnitInfo      : No LoadTimeWeaver setup: ignoring JPA class transformer
2026-02-06T01:26:50.166+05:30  INFO 25760 --- [auth-service] [           main] org.hibernate.orm.connections.pooling    : HHH10001005: Database info:
	Database JDBC URL [jdbc:postgresql://localhost:5432/insurance_db]
	Database driver: PostgreSQL JDBC Driver
	Database dialect: PostgreSQLDialect
	Database version: 18.1
	Default catalog/schema: insurance_db/public
	Autocommit mode: undefined/unknown
	Isolation level: READ_COMMITTED [default READ_COMMITTED]
	JDBC fetch size: none
	Pool: DataSourceConnectionProvider
	Minimum pool size: undefined/unknown
	Maximum pool size: undefined/unknown
2026-02-06T01:26:50.736+05:30  INFO 25760 --- [auth-service] [           main] org.hibernate.orm.core                   : HHH000489: No JTA platform available (set 'hibernate.transaction.jta.platform' to enable JTA platform integration)
2026-02-06T01:26:50.773+05:30  INFO 25760 --- [auth-service] [           main] j.LocalContainerEntityManagerFactoryBean : Initialized JPA EntityManagerFactory for persistence unit 'default'
2026-02-06T01:26:50.843+05:30  INFO 25760 --- [auth-service] [           main] o.s.d.j.r.query.QueryEnhancerFactories   : Hibernate is in classpath; If applicable, HQL parser will be used.
2026-02-06T01:26:51.094+05:30  WARN 25760 --- [auth-service] [           main] JpaBaseConfiguration$JpaWebConfiguration : spring.jpa.open-in-view is enabled by default. Therefore, database queries may be performed during view rendering. Explicitly configure spring.jpa.open-in-view to disable this warning
2026-02-06T01:26:51.244+05:30  WARN 25760 --- [auth-service] [           main] .s.a.UserDetailsServiceAutoConfiguration : 

Using generated security password: 81c9c971-fe10-4ee1-851b-8c0f9e4aaf88

This generated password is for development use only. Your security configuration must be updated before running your application in production.

2026-02-06T01:26:51.256+05:30  INFO 25760 --- [auth-service] [           main] r$InitializeUserDetailsManagerConfigurer : Global AuthenticationManager configured with UserDetailsService bean with name inMemoryUserDetailsManager
2026-02-06T01:26:51.504+05:30  INFO 25760 --- [auth-service] [           main] o.s.v.b.OptionalValidatorFactoryBean     : Failed to set up a Bean Validation provider: jakarta.validation.NoProviderFoundException: Unable to create a Configuration, because no Jakarta Validation provider could be found. Add a provider like Hibernate Validator (RI) to your classpath.
2026-02-06T01:26:51.959+05:30  INFO 25760 --- [auth-service] [           main] DiscoveryClientOptionalArgsConfiguration : Eureka HTTP Client uses RestClient.
2026-02-06T01:26:52.004+05:30  WARN 25760 --- [auth-service] [           main] iguration$LoadBalancerCaffeineWarnLogger : Spring Cloud LoadBalancer is currently working with the default cache. While this cache implementation is useful for development and tests, it's recommended to use Caffeine cache in production.You can switch to using Caffeine cache, by adding it and org.springframework.cache.caffeine.CaffeineCacheManager to the classpath.
2026-02-06T01:26:52.024+05:30  INFO 25760 --- [auth-service] [           main] o.s.c.n.eureka.InstanceInfoFactory       : Setting initial instance status as: STARTING
2026-02-06T01:26:52.041+05:30  INFO 25760 --- [auth-service] [           main] com.netflix.discovery.DiscoveryClient    : Initializing Eureka in region us-east-1
2026-02-06T01:26:52.043+05:30  INFO 25760 --- [auth-service] [           main] c.n.d.s.r.aws.ConfigClusterResolver      : Resolving eureka endpoints via configuration
2026-02-06T01:26:52.044+05:30  INFO 25760 --- [auth-service] [           main] com.netflix.discovery.DiscoveryClient    : Disable delta property : false
2026-02-06T01:26:52.044+05:30  INFO 25760 --- [auth-service] [           main] com.netflix.discovery.DiscoveryClient    : Single vip registry refresh property : null
2026-02-06T01:26:52.044+05:30  INFO 25760 --- [auth-service] [           main] com.netflix.discovery.DiscoveryClient    : Force full registry fetch : false
2026-02-06T01:26:52.044+05:30  INFO 25760 --- [auth-service] [           main] com.netflix.discovery.DiscoveryClient    : Application is null : false
2026-02-06T01:26:52.044+05:30  INFO 25760 --- [auth-service] [           main] com.netflix.discovery.DiscoveryClient    : Registered Applications size is zero : true
2026-02-06T01:26:52.044+05:30  INFO 25760 --- [auth-service] [           main] com.netflix.discovery.DiscoveryClient    : Application version is -1: true
2026-02-06T01:26:52.044+05:30  INFO 25760 --- [auth-service] [           main] com.netflix.discovery.DiscoveryClient    : Getting all instance registry info from the eureka server
2026-02-06T01:26:52.320+05:30  INFO 25760 --- [auth-service] [           main] com.netflix.discovery.DiscoveryClient    : The response status is 200
2026-02-06T01:26:52.322+05:30  INFO 25760 --- [auth-service] [           main] com.netflix.discovery.DiscoveryClient    : Starting heartbeat executor: renew interval is: 30
2026-02-06T01:26:52.323+05:30  INFO 25760 --- [auth-service] [           main] c.n.discovery.InstanceInfoReplicator     : InstanceInfoReplicator onDemand update allowed rate per min is 4
2026-02-06T01:26:52.325+05:30  INFO 25760 --- [auth-service] [           main] com.netflix.discovery.DiscoveryClient    : Discovery Client initialized at timestamp 1770321412324 with initial instances count: 5
2026-02-06T01:26:52.328+05:30  INFO 25760 --- [auth-service] [           main] o.s.c.n.e.s.EurekaServiceRegistry        : Registering application AUTH-SERVICE with eureka with status UP
2026-02-06T01:26:52.329+05:30  INFO 25760 --- [auth-service] [           main] com.netflix.discovery.DiscoveryClient    : Saw local status change event StatusChangeEvent [timestamp=1770321412329, current=UP, previous=STARTING]
2026-02-06T01:26:52.331+05:30  INFO 25760 --- [auth-service] [foReplicator-%d] com.netflix.discovery.DiscoveryClient    : DiscoveryClient_AUTH-SERVICE/Ncix777.mshome.net:auth-service:8082: registering service...
2026-02-06T01:26:52.336+05:30  INFO 25760 --- [auth-service] [           main] c.insurance.auth_service.UserCheckTest   : Started UserCheckTest in 4.464 seconds (process running for 5.537)
2026-02-06T01:26:52.384+05:30  INFO 25760 --- [auth-service] [foReplicator-%d] com.netflix.discovery.DiscoveryClient    : DiscoveryClient_AUTH-SERVICE/Ncix777.mshome.net:auth-service:8082 - registration status: 204
USER_CHECK_START
User Found: test-customer@bank.com
Hash: $2a$10$PwJ3REG5VVvTXSabmaQLV.ejY627ug995c7W1hvtzCnA/b6Kv9FXW
Status: ACTIVE
USER_CHECK_END
]]></system-out>
    <system-err><![CDATA[Mockito is currently self-attaching to enable the inline-mock-maker. This will no longer work in future releases of the JDK. Please add Mockito as an agent to your build as described in Mockito's documentation: https://javadoc.io/doc/org.mockito/mockito-core/latest/org.mockito/org/mockito/Mockito.html#0.3
WARNING: A Java agent has been loaded dynamically (C:\Users\ncixt\.m2\repository\net\bytebuddy\byte-buddy-agent\1.17.8\byte-buddy-agent-1.17.8.jar)
WARNING: If a serviceability tool is in use, please run with -XX:+EnableDynamicAgentLoading to hide this warning
WARNING: If a serviceability tool is not in use, please run with -Djdk.instrument.traceUsage for more information
WARNING: Dynamic loading of agents will be disallowed by default in a future release
]]></system-err>
  </testcase>
</testsuite>